<?xml version="1.0" encoding="UTF-8"?>
<testsuites tests="1" failures="1" disabled="0" errors="0" timestamp="2016-09-29T10:57:12" time="0" name="AllTests">
  <testsuite name="ASS1Test" tests="1" failures="1" disabled="0" errors="0" time="0">
    <testcase name="COMMAND_Scenario1" status="run" time="0" classname="ASS1Test">
      <failure message=".//ASS1Test.cc:94&#x0A;Value of: &quot;lifecagemiracle&quot;&#x0A;Expected: Ing_Traversal(M1)&#x0A;Which is: &quot;&quot;" type=""><![CDATA[.//ASS1Test.cc:94
Value of: "lifecagemiracle"
Expected: Ing_Traversal(M1)
Which is: ""]]></failure>
    </testcase>
  </testsuite>
</testsuites>
