<?xml version="1.0" encoding="UTF-8"?>
<testsuites tests="14" failures="2" disabled="0" errors="0" timestamp="2016-10-07T20:36:50" time="0.004" name="AllTests">
  <testsuite name="Project1Test" tests="14" failures="2" disabled="0" errors="0" time="0.004">
    <testcase name="run_TestCase1" status="run" time="0" classname="Project1Test">
      <failure message=".//Project1Test.cc:224&#x0A;Value of: __null&#x0A;  Actual: NULL&#x0A;Expected: To_Traversal(M1)&#x0A;Which is: &quot;lifejobearthproblemstorylotnamehandplaceworkmakedifferentimportantpersonclothesmovieactivityexampleletterfirepartplanplantfunlistenlearneachsamebirdtripvacationsummerspringautumnwinterspacecoursestreetpapernewspaperfacemindvolunteervisitstartlightenjoywatchwincleanfamousspecialjustnaturerestaurantgrouphabitcultureinformationadvertisementsciencegenewarstoresoundflyeasypoorfastbackalwayshistorystatesoldiervillageofficeislandpiecerocklinecookendrememberwearsendhotearlyoftensometimespetvegetableleafforestareaneighborartpoemsubjectbottlemachinefactrulediebusysickhealthholidaygoalorderresult&quot;" type=""><![CDATA[.//Project1Test.cc:224
Value of: __null
  Actual: NULL
Expected: To_Traversal(M1)
Which is: "lifejobearthproblemstorylotnamehandplaceworkmakedifferentimportantpersonclothesmovieactivityexampleletterfirepartplanplantfunlistenlearneachsamebirdtripvacationsummerspringautumnwinterspacecoursestreetpapernewspaperfacemindvolunteervisitstartlightenjoywatchwincleanfamousspecialjustnaturerestaurantgrouphabitcultureinformationadvertisementsciencegenewarstoresoundflyeasypoorfastbackalwayshistorystatesoldiervillageofficeislandpiecerocklinecookendrememberwearsendhotearlyoftensometimespetvegetableleafforestareaneighborartpoemsubjectbottlemachinefactrulediebusysickhealthholidaygoalorderresult"]]></failure>
    </testcase>
    <testcase name="run_TestCase2" status="run" time="0.001" classname="Project1Test">
      <failure message=".//Project1Test.cc:228&#x0A;Value of: &quot;activityadvertisementautumnbirdcleanclothescourseculturedifferenteachearthenjoyexamplefacefamousfirefungrouphabithandimportantinformationjobjustlearnletterlifelightlistenlotmakemindmovienamenaturenewspaperpaperpartpersonplaceplanplantproblemrestaurantsamespacespecialspringstartstorystreetsummertripvacationvisitvolunteerwatchwinwinterwork&quot;&#x0A;Expected: Ing_Traversal_in(M1)&#x0A;Which is: &quot;activityadvertisementalwaysareaartautumnbackbirdbottlecleanclothescookcourseculturedifferenteachearlyeartheasyendenjoyexamplefacefamousfastfireflyforestfungenegrouphabithandhistoryhotimportantinformationislandjobjustleaflearnletterlifelightlinelistenlotmachinemakemindmovienamenatureneighbornewspaperofficeoftenpaperpartpersonpetpieceplaceplanplantpoempoorproblemrememberrestaurantrocksamesciencesendsoldiersometimessoundspacespecialspringstartstatestorestorystreetsubjectsummertripvacationvegetablevillagevisitvolunteerwarwatchwearwinwinterwork&quot;" type=""><![CDATA[.//Project1Test.cc:228
Value of: "activityadvertisementautumnbirdcleanclothescourseculturedifferenteachearthenjoyexamplefacefamousfirefungrouphabithandimportantinformationjobjustlearnletterlifelightlistenlotmakemindmovienamenaturenewspaperpaperpartpersonplaceplanplantproblemrestaurantsamespacespecialspringstartstorystreetsummertripvacationvisitvolunteerwatchwinwinterwork"
Expected: Ing_Traversal_in(M1)
Which is: "activityadvertisementalwaysareaartautumnbackbirdbottlecleanclothescookcourseculturedifferenteachearlyeartheasyendenjoyexamplefacefamousfastfireflyforestfungenegrouphabithandhistoryhotimportantinformationislandjobjustleaflearnletterlifelightlinelistenlotmachinemakemindmovienamenatureneighbornewspaperofficeoftenpaperpartpersonpetpieceplaceplanplantpoempoorproblemrememberrestaurantrocksamesciencesendsoldiersometimessoundspacespecialspringstartstatestorestorystreetsubjectsummertripvacationvegetablevillagevisitvolunteerwarwatchwearwinwinterwork"]]></failure>
    </testcase>
    <testcase name="run_TestCase3" status="run" time="0" classname="Project1Test" />
    <testcase name="run_TestCase4" status="run" time="0" classname="Project1Test" />
    <testcase name="run_TestCase5" status="run" time="0.001" classname="Project1Test" />
    <testcase name="run_TestCase6" status="run" time="0" classname="Project1Test" />
    <testcase name="run_TestCase7" status="run" time="0" classname="Project1Test" />
    <testcase name="run_TestCase8" status="run" time="0" classname="Project1Test" />
    <testcase name="run_TestCase9" status="run" time="0" classname="Project1Test" />
    <testcase name="run_TestCase10" status="run" time="0.001" classname="Project1Test" />
    <testcase name="run_TestCase11" status="run" time="0" classname="Project1Test" />
    <testcase name="run_TestCase12" status="run" time="0" classname="Project1Test" />
    <testcase name="run_TestCase13" status="run" time="0.001" classname="Project1Test" />
    <testcase name="run_TestCase14" status="run" time="0" classname="Project1Test" />
  </testsuite>
</testsuites>
