<?xml version="1.0" encoding="UTF-8"?>
<testsuites tests="14" failures="11" disabled="0" errors="0" timestamp="2016-10-07T20:05:23" time="0.005" name="AllTests">
  <testsuite name="Project1Test" tests="14" failures="11" disabled="0" errors="0" time="0.005">
    <testcase name="run_TestCase1" status="run" time="0" classname="Project1Test">
      <failure message=".//Project1Test.cc:224&#x0A;Value of: __null&#x0A;  Actual: NULL&#x0A;Expected: To_Traversal(M1)&#x0A;Which is: &quot;lifejobearthproblemstorylotnamehandplaceworkmakedifferentimportantpersonclothesmovieactivityexampleletterfirepartplanplantfunlistenlearneachsamebirdtripvacationsummerspringautumnwinterspacecoursestreetpapernewspaperfacemindvolunteervisitstartlightenjoywatchwincleanfamousspecialjustnaturerestaurantgrouphabitcultureinformationadvertisementsciencegenewarstoresoundflyeasypoorfastbackalwayshistorystatesoldiervillageofficeislandpiecerocklinecookendrememberwearsendhotearlyoftensometimespetvegetableleafforestareaneighborartpoemsubjectbottlemachinefactrulediebusysickhealthholidaygoalorderresult&quot;" type=""><![CDATA[.//Project1Test.cc:224
Value of: __null
  Actual: NULL
Expected: To_Traversal(M1)
Which is: "lifejobearthproblemstorylotnamehandplaceworkmakedifferentimportantpersonclothesmovieactivityexampleletterfirepartplanplantfunlistenlearneachsamebirdtripvacationsummerspringautumnwinterspacecoursestreetpapernewspaperfacemindvolunteervisitstartlightenjoywatchwincleanfamousspecialjustnaturerestaurantgrouphabitcultureinformationadvertisementsciencegenewarstoresoundflyeasypoorfastbackalwayshistorystatesoldiervillageofficeislandpiecerocklinecookendrememberwearsendhotearlyoftensometimespetvegetableleafforestareaneighborartpoemsubjectbottlemachinefactrulediebusysickhealthholidaygoalorderresult"]]></failure>
    </testcase>
    <testcase name="run_TestCase2" status="run" time="0.001" classname="Project1Test">
      <failure message=".//Project1Test.cc:228&#x0A;Value of: &quot;activityadvertisementautumnbirdcleanclothescourseculturedifferenteachearthenjoyexamplefacefamousfirefungrouphabithandimportantinformationjobjustlearnletterlifelightlistenlotmakemindmovienamenaturenewspaperpaperpartpersonplaceplanplantproblemrestaurantsamespacespecialspringstartstorystreetsummertripvacationvisitvolunteerwatchwinwinterwork&quot;&#x0A;Expected: Ing_Traversal_in(M1)&#x0A;Which is: &quot;activityadvertisementalwaysareaartautumnbackbirdbottlebusycleanclothescookcourseculturediedifferenteachearlyeartheasyendenjoyexamplefacefactfamousfastfireflyforestfungenegoalgrouphabithandhealthhistoryholidayhotimportantinformationislandjobjustleaflearnletterlifelightlinelistenlotmachinemakemindmovienamenatureneighbornewspaperofficeoftenorderpaperpartpersonpetpieceplaceplanplantpoempoorproblemrememberrestaurantresultrockrulesamesciencesendsicksoldiersometimessoundspacespecialspringstartstatestorestorystreetsubjectsummertripvacationvegetablevillagevisitvolunteerwarwatchwearwinwinterwork&quot;" type=""><![CDATA[.//Project1Test.cc:228
Value of: "activityadvertisementautumnbirdcleanclothescourseculturedifferenteachearthenjoyexamplefacefamousfirefungrouphabithandimportantinformationjobjustlearnletterlifelightlistenlotmakemindmovienamenaturenewspaperpaperpartpersonplaceplanplantproblemrestaurantsamespacespecialspringstartstorystreetsummertripvacationvisitvolunteerwatchwinwinterwork"
Expected: Ing_Traversal_in(M1)
Which is: "activityadvertisementalwaysareaartautumnbackbirdbottlebusycleanclothescookcourseculturediedifferenteachearlyeartheasyendenjoyexamplefacefactfamousfastfireflyforestfungenegoalgrouphabithandhealthhistoryholidayhotimportantinformationislandjobjustleaflearnletterlifelightlinelistenlotmachinemakemindmovienamenatureneighbornewspaperofficeoftenorderpaperpartpersonpetpieceplaceplanplantpoempoorproblemrememberrestaurantresultrockrulesamesciencesendsicksoldiersometimessoundspacespecialspringstartstatestorestorystreetsubjectsummertripvacationvegetablevillagevisitvolunteerwarwatchwearwinwinterwork"]]></failure>
    </testcase>
    <testcase name="run_TestCase3" status="run" time="0" classname="Project1Test" />
    <testcase name="run_TestCase4" status="run" time="0.001" classname="Project1Test" />
    <testcase name="run_TestCase5" status="run" time="0.001" classname="Project1Test">
      <failure message=".//Project1Test.cc:240&#x0A;Value of: &quot;autumnactivitycleancourseclothesbirdeachenjoyexampleearthfacefunfiredifferentimportantjobmindmoviemakenewspapernamelearnletterlightlistenlotlifehandspacestartspringsamestreetsummerstorywinwatchwinterworkvisitvolunteervacationtrippaperpartpersonplantplanplaceproblem&quot;&#x0A;Expected: Get_Print(M1)&#x0A;Which is: &quot;paperpartpersonplantplanplaceproblempaperpartpersonplantplanplaceproblempaperpartpersonplantplanplaceproblempaperpartpersonplantplanplaceproblempaperpartpersonplantplanplaceproblempaperpartpersonplantplanplaceproblempaperpartpersonplantplanplaceproblempaperpartpersonplantplanplaceproblempaperpartpersonplantplanplaceproblempaperpartpersonplantplanplac&quot;" type=""><![CDATA[.//Project1Test.cc:240
Value of: "autumnactivitycleancourseclothesbirdeachenjoyexampleearthfacefunfiredifferentimportantjobmindmoviemakenewspapernamelearnletterlightlistenlotlifehandspacestartspringsamestreetsummerstorywinwatchwinterworkvisitvolunteervacationtrippaperpartpersonplantplanplaceproblem"
Expected: Get_Print(M1)
Which is: "paperpartpersonplantplanplaceproblempaperpartpersonplantplanplaceproblempaperpartpersonplantplanplaceproblempaperpartpersonplantplanplaceproblempaperpartpersonplantplanplaceproblempaperpartpersonplantplanplaceproblempaperpartpersonplantplanplaceproblempaperpartpersonplantplanplaceproblempaperpartpersonplantplanplaceproblempaperpartpersonplantplanplac"]]></failure>
    </testcase>
    <testcase name="run_TestCase6" status="run" time="0" classname="Project1Test">
      <failure message=".//Project1Test.cc:244&#x0A;Value of: &quot;problemplacepersonplanpartplantpaperhanddifferentlifeletterlotlearnlistenlighttripbirdfirefacefunjobnamenewspapervacationvolunteervisitactivityautumnclothescleancourseeartheachexampleenjoyimportantmakemoviemindstorysamesummerspringstreetspacestartworkwinterwatchwin&quot;&#x0A;Expected: Get_Print(M1)&#x0A;Which is: &quot;&quot;" type=""><![CDATA[.//Project1Test.cc:244
Value of: "problemplacepersonplanpartplantpaperhanddifferentlifeletterlotlearnlistenlighttripbirdfirefacefunjobnamenewspapervacationvolunteervisitactivityautumnclothescleancourseeartheachexampleenjoyimportantmakemoviemindstorysamesummerspringstreetspacestartworkwinterwatchwin"
Expected: Get_Print(M1)
Which is: ""]]></failure>
    </testcase>
    <testcase name="run_TestCase7" status="run" time="0" classname="Project1Test">
      <failure message=".//Project1Test.cc:248&#x0A;Value of: &quot;street&quot;&#x0A;Expected: Search_Test_1(M1)&#x0A;Which is: &quot; \x95\x94t\xB7\x7F&quot;" type=""><![CDATA[.//Project1Test.cc:248
Value of: "street"
Expected: Search_Test_1(M1)
Which is: " \x95\x94t\xB7\x7F"]]></failure>
    </testcase>
    <testcase name="run_TestCase8" status="run" time="0" classname="Project1Test">
      <failure message=".//Project1Test.cc:252&#x0A;Value of: &quot;plan&quot;&#x0A;Expected: Ed_Traversal(M1)&#x0A;Which is: &quot;&quot;" type=""><![CDATA[.//Project1Test.cc:252
Value of: "plan"
Expected: Ed_Traversal(M1)
Which is: ""]]></failure>
    </testcase>
    <testcase name="run_TestCase9" status="run" time="0" classname="Project1Test" />
    <testcase name="run_TestCase10" status="run" time="0.001" classname="Project1Test">
      <failure message=".//Project1Test.cc:260&#x0A;Value of: &quot;plan&quot;&#x0A;Expected: Ed_Traversal(M1)&#x0A;Which is: &quot;\xD0\xAF\xB3\x1&quot;" type=""><![CDATA[.//Project1Test.cc:260
Value of: "plan"
Expected: Ed_Traversal(M1)
Which is: "\xD0\xAF\xB3\x1"]]></failure>
    </testcase>
    <testcase name="run_TestCase11" status="run" time="0" classname="Project1Test">
      <failure message=".//Project1Test.cc:264&#x0A;Value of: &quot;activityautumnbirdcleanclothescoursedifferenteachearthenjoyexamplefacefirefunhandimportantjoblearnletterlifelightlistenlotmakemindmovienamenewspaperpaperpartpersonplaceplantproblemsamespacespringstartstorystreetsummertripvacationvisitvolunteerwatchwinwinterwork&quot;&#x0A;Expected: Ing_Traversal_in(M1)&#x0A;Which is: &quot;&quot;" type=""><![CDATA[.//Project1Test.cc:264
Value of: "activityautumnbirdcleanclothescoursedifferenteachearthenjoyexamplefacefirefunhandimportantjoblearnletterlifelightlistenlotmakemindmovienamenewspaperpaperpartpersonplaceplantproblemsamespacespringstartstorystreetsummertripvacationvisitvolunteerwatchwinwinterwork"
Expected: Ing_Traversal_in(M1)
Which is: ""]]></failure>
    </testcase>
    <testcase name="run_TestCase12" status="run" time="0" classname="Project1Test">
      <failure message=".//Project1Test.cc:268&#x0A;Value of: &quot;activityclothesdifferentearthexamplefirehandimportantjobletterlifelotmakemovienamepersonplaceproblemstorywork&quot;&#x0A;Expected: Get_Print(M1)&#x0A;Which is: &quot;personplaceproblempersonplaceproblempersonplaceproblempersonplaceproblempersonplaceproblempersonplaceproblempersonplaceproblempersonplaceproblempersonplaceproblempersonplaceproblempersonplaceproblempersonplaceproblempersonplaceproblempersonplaceproblempersonplaceproblempersonplaceproblempersonplaceproblempersonplaceproblempersonplaceproblempersonplac&quot;" type=""><![CDATA[.//Project1Test.cc:268
Value of: "activityclothesdifferentearthexamplefirehandimportantjobletterlifelotmakemovienamepersonplaceproblemstorywork"
Expected: Get_Print(M1)
Which is: "personplaceproblempersonplaceproblempersonplaceproblempersonplaceproblempersonplaceproblempersonplaceproblempersonplaceproblempersonplaceproblempersonplaceproblempersonplaceproblempersonplaceproblempersonplaceproblempersonplaceproblempersonplaceproblempersonplaceproblempersonplaceproblempersonplaceproblempersonplaceproblempersonplaceproblempersonplac"]]></failure>
    </testcase>
    <testcase name="run_TestCase13" status="run" time="0.001" classname="Project1Test">
      <failure message=".//Project1Test.cc:272&#x0A;Value of: &quot;problemplacepersonhanddifferentactivityclothesfireearthexamplelifeletterlotjobimportantnamemakemoviestorywork&quot;&#x0A;Expected: Get_Print(M1)&#x0A;Which is: &quot;problemplacepersonproblemplacepersonproblemplacepersonproblemplacepersonproblemplacepersonproblemplacepersonproblemplacepersonproblemplacepersonproblemplacepersonproblemplacepersonproblemplacepersonproblemplacepersonproblemplacepersonproblemplacepersonproblemplacepersonproblemplacepersonproblemplacepersonproblemplacepersonproblemplacepersonproblempla&quot;" type=""><![CDATA[.//Project1Test.cc:272
Value of: "problemplacepersonhanddifferentactivityclothesfireearthexamplelifeletterlotjobimportantnamemakemoviestorywork"
Expected: Get_Print(M1)
Which is: "problemplacepersonproblemplacepersonproblemplacepersonproblemplacepersonproblemplacepersonproblemplacepersonproblemplacepersonproblemplacepersonproblemplacepersonproblemplacepersonproblemplacepersonproblemplacepersonproblemplacepersonproblemplacepersonproblemplacepersonproblemplacepersonproblemplacepersonproblemplacepersonproblemplacepersonproblempla"]]></failure>
    </testcase>
    <testcase name="run_TestCase14" status="run" time="0" classname="Project1Test">
      <failure message=".//Project1Test.cc:276&#x0A;Value of: &quot;activityclothesexampleearthfiredifferentimportantjobmoviemakenameletterlotlifehandstoryworkpersonplaceproblem&quot;&#x0A;Expected: Get_Print(M1)&#x0A;Which is: &quot;personplaceproblempersonplaceproblempersonplaceproblempersonplaceproblempersonplaceproblempersonplaceproblempersonplaceproblempersonplaceproblempersonplaceproblempersonplaceproblempersonplaceproblempersonplaceproblempersonplaceproblempersonplaceproblempersonplaceproblempersonplaceproblempersonplaceproblempersonplaceproblempersonplaceproblempersonplac&quot;" type=""><![CDATA[.//Project1Test.cc:276
Value of: "activityclothesexampleearthfiredifferentimportantjobmoviemakenameletterlotlifehandstoryworkpersonplaceproblem"
Expected: Get_Print(M1)
Which is: "personplaceproblempersonplaceproblempersonplaceproblempersonplaceproblempersonplaceproblempersonplaceproblempersonplaceproblempersonplaceproblempersonplaceproblempersonplaceproblempersonplaceproblempersonplaceproblempersonplaceproblempersonplaceproblempersonplaceproblempersonplaceproblempersonplaceproblempersonplaceproblempersonplaceproblempersonplac"]]></failure>
    </testcase>
  </testsuite>
</testsuites>
