<?xml version="1.0" encoding="UTF-8"?>
<testsuites tests="4" failures="2" disabled="0" errors="0" timestamp="2016-07-22T15:58:25" time="0.002" name="AllTests">
  <testsuite name="BSTTest" tests="4" failures="2" disabled="0" errors="0" time="0.002">
    <testcase name="Insert" status="run" time="0" classname="BSTTest" />
    <testcase name="Delete_Death_test" status="run" time="0.001" classname="BSTTest">
      <failure message=".//BST_unittest.cc:101&#x0A;Death test: {Tree1.Delete(10);}&#x0A;    Result: died but not with expected exit code:&#x0A;            Exited with exit status 0&#x0A;Actual msg:&#x0A;[  DEATH   ] segmentation fault" type=""><![CDATA[.//BST_unittest.cc:101
Death test: {Tree1.Delete(10);}
    Result: died but not with expected exit code:
            Exited with exit status 0
Actual msg:
[  DEATH   ] segmentation fault]]></failure>
    </testcase>
    <testcase name="Delete" status="run" time="0.001" classname="BSTTest">
      <failure message=".//BST_unittest.cc:111&#x0A;Value of: &quot;51315&quot;&#x0A;Expected: PRINTNODE(Tree1)&#x0A;Which is: &quot;&quot;" type=""><![CDATA[.//BST_unittest.cc:111
Value of: "51315"
Expected: PRINTNODE(Tree1)
Which is: ""]]></failure>
      <failure message=".//BST_unittest.cc:114&#x0A;Value of: &quot;510&quot;&#x0A;Expected: PRINTNODE(Tree2)&#x0A;Which is: &quot;&quot;" type=""><![CDATA[.//BST_unittest.cc:114
Value of: "510"
Expected: PRINTNODE(Tree2)
Which is: ""]]></failure>
      <failure message=".//BST_unittest.cc:117&#x0A;Value of: &quot;20242835&quot;&#x0A;Expected: PRINTNODE(Tree3)&#x0A;Which is: &quot;&quot;" type=""><![CDATA[.//BST_unittest.cc:117
Value of: "20242835"
Expected: PRINTNODE(Tree3)
Which is: ""]]></failure>
    </testcase>
    <testcase name="Insert1" status="run" time="0" classname="BSTTest" />
  </testsuite>
</testsuites>
