<?xml version="1.0" encoding="UTF-8"?>
<testsuites tests="4" failures="1" disabled="0" errors="0" timestamp="2016-07-25T12:39:33" time="0.001" name="AllTests">
  <testsuite name="BSTTest" tests="4" failures="1" disabled="0" errors="0" time="0.001">
    <testcase name="Delete_Death_test" status="run" time="0.001" classname="BSTTest">
      <failure message=".//BST_unittest.cc:95&#x0A;Death test: Tree1.Delete(10)&#x0A;    Result: failed to die.&#x0A; Error msg:&#x0A;[  DEATH   ] " type=""><![CDATA[.//BST_unittest.cc:95
Death test: Tree1.Delete(10)
    Result: failed to die.
 Error msg:
[  DEATH   ] ]]></failure>
    </testcase>
    <testcase name="Insert" status="run" time="0" classname="BSTTest" />
    <testcase name="Delete" status="run" time="0" classname="BSTTest" />
    <testcase name="Insert1" status="run" time="0" classname="BSTTest" />
  </testsuite>
</testsuites>
