<?xml version="1.0" encoding="UTF-8"?>
<testsuites tests="1" failures="1" disabled="0" errors="0" timestamp="2016-10-07T18:13:19" time="0" name="AllTests">
  <testsuite name="Project1Test" tests="1" failures="1" disabled="0" errors="0" time="0">
    <testcase name="run_TestCase11" status="run" time="0" classname="Project1Test">
      <failure message=".//Project1Test.cc:224&#x0A;Value of: &quot;activityautumnbirdcleanclothescoursedifferenteachearthenjoyexamplefacefirefunhandimportantjoblearnletterlifelightlistenlotmakemindmovienamenewspaperpaperpartpersonplaceplantproblemsamespacespringstartstorystreetsummertripvacationvisitvolunteerwatchwinwinterwork&quot;&#x0A;Expected: Ing_Traversal_in(M1)&#x0A;Which is: &quot;&quot;" type=""><![CDATA[.//Project1Test.cc:224
Value of: "activityautumnbirdcleanclothescoursedifferenteachearthenjoyexamplefacefirefunhandimportantjoblearnletterlifelightlistenlotmakemindmovienamenewspaperpaperpartpersonplaceplantproblemsamespacespringstartstorystreetsummertripvacationvisitvolunteerwatchwinwinterwork"
Expected: Ing_Traversal_in(M1)
Which is: ""]]></failure>
    </testcase>
  </testsuite>
</testsuites>
